{"at":"2025-12-09T15:27:21.839Z","stationId":"68ea7ba8038da955007e0e04","I":1.495,"class":"Помірне забруднення","values":{"pm25":77.1,"pm10":53,"no2":340.6,"so2":173,"o3":29.2}}
{"at":"2025-12-09T15:27:39.819Z","stationId":"68ea7ba8038da955007e0e04","I":1.212,"class":"Помірне забруднення","values":{"pm25":41.8,"pm10":105.2,"no2":275.3,"so2":21.9,"o3":87.7}}
{"at":"2025-12-09T15:27:48.260Z","stationId":"68ea7ba8038da955007e0e04","I":1.385,"class":"Помірне забруднення","values":{"pm25":7.4,"pm10":180.2,"no2":300.7,"so2":159.2,"o3":29.9}}
{"at":"2025-12-09T15:27:50.662Z","stationId":"68ea7ba8038da955007e0e04","I":1.847,"class":"Підвищене забруднення","values":{"pm25":33.1,"pm10":261.6,"no2":223.6,"so2":42.7,"o3":146.2}}
{"at":"2025-12-09T17:15:38.037Z","stationId":"6938566475855e357b6360cb","I":0.844,"class":"Добре","hash":"0bcbb0303b6b2c7f736109659cf4d8e5bf8a0c647a717e65eb27bb58d22a3248"}
{"at":"2025-12-09T17:15:46.764Z","stationId":"6938566475855e357b6360cb","I":1.197,"class":"Помірне забруднення","hash":"304927fa8dad022d34ba3cf0291bd1c87058a1cb70b30676cd48ebd93777346f"}
{"at":"2025-12-09T17:46:03.949Z","stationId":"6938566475855e357b6360cb","I":0.836,"class":"Добре","hash":"31f6f91529d46fd3258de2ade35e49fbeac8758813d608d61119ccc1ef21dbc6"}
{"at":"2025-12-09T17:46:11.755Z","stationId":"6938566475855e357b6360cb","I":1.154,"class":"Помірне забруднення","hash":"60be2acfcebc46e76ab41ed19922a9b884000cd77718635adfead46c7b4632e0"}
{"at":"2025-12-09T17:46:17.212Z","stationId":"6938566475855e357b6360cb","I":1.098,"class":"Помірне забруднення","hash":"66866517c9e1a3c78516fd1bfb66489d5768871d817fcd63170d5683a1b8a851"}
{"at":"2025-12-09T18:00:04.724Z","stationId":"6938566475855e357b6360cb","I":1.384,"class":"Помірне забруднення","hash":"946be44213071a8eb176e647ff9e3b94f49270fdab799fe4e6b8ef3d13374277"}
{"at":"2025-12-09T18:00:10.461Z","stationId":"6938566475855e357b6360cb","I":1.387,"class":"Помірне забруднення","hash":"2301a44b0f963fdca47854def27f35a6a7eba8fe52e5cf60d324733c92789d6d"}
{"at":"2025-12-09T18:00:12.198Z","stationId":"6938566475855e357b6360cb","I":1.11,"class":"Помірне забруднення","hash":"f72407453d6631324bf2691e0665f30d2a6f3b2c85905579d4770ad08df18a7b"}
{"at":"2025-12-09T18:56:08.402Z","stationId":"6938566475855e357b6360cb","I":1.337,"class":"Помірне забруднення","hash":"0d53ebceb0328f6184d75cef31be849d9aad73ddf0b62aecbb6a43f02e44eddb"}
{"at":"2025-12-09T19:30:53.420Z","stationId":"6938566475855e357b6360cb","I":1.913,"class":"Шкідливо","hash":"b38b56daa060a543552b421cf822e451dd164b2bfa732f5a13df269dc6d89d70"}
{"at":"2025-12-09T20:01:25.887Z","stationId":"69387f8557b3ca476897241f","I":0.288,"class":"Добре","hash":"5027d2aaba4c58da011dfce896eb26fbafc70e540f47731bdc617eb054684886"}
{"at":"2025-12-09T20:01:28.088Z","stationId":"69387f8557b3ca476897241f","I":0.28,"class":"Добре","hash":"15b6336351be88dd4d71821833eddb03acfa3934e45d1419888eb2b2489e3f3d"}
{"at":"2025-12-09T20:01:29.714Z","stationId":"69387f8557b3ca476897241f","I":0.281,"class":"Добре","hash":"a09854e549516e654edde38b826fefdcb5fde52f66cc7b726f4b2dd46f96c062"}
{"at":"2025-12-09T20:01:31.269Z","stationId":"69387f8557b3ca476897241f","I":0.276,"class":"Добре","hash":"e8a052908d13275d9a5bdb2810ecbf28b0b8bbe670ce42b6c0ff0b6fa62e16c7"}
{"at":"2025-12-09T20:01:32.902Z","stationId":"69387f8557b3ca476897241f","I":0.282,"class":"Добре","hash":"d27c26998896f68c20cf1eb36e96574041f2c7bb3274096d86826ac743a85c77"}
{"at":"2025-12-09T20:01:34.467Z","stationId":"69387f8557b3ca476897241f","I":0.262,"class":"Добре","hash":"92d1745b93ef7989c99060ddb5744ec026e3dcd08349831b01edb23dbb86ca20"}
{"at":"2025-12-09T20:01:35.846Z","stationId":"69387f8557b3ca476897241f","I":0.264,"class":"Добре","hash":"d2d47bd528003c3d598dc6dc8a221c40aa5c33bb23b331b813c4df2fd05b9371"}
{"at":"2025-12-09T20:01:37.691Z","stationId":"69387f8557b3ca476897241f","I":0.278,"class":"Добре","hash":"e7a47116337ede8c1da841cb9bf107e4173f0b820a30f3f1c22f8d772471dc3c"}
{"at":"2025-12-09T20:01:40.046Z","stationId":"69387f8557b3ca476897241f","I":0.299,"class":"Добре","hash":"f6275e9956912a8dd9189909df79e2ef4cd46deb0108cad9866360eb561caff3"}
{"at":"2025-12-09T20:01:41.708Z","stationId":"69387f8557b3ca476897241f","I":0.262,"class":"Добре","hash":"f7ee2f50c5ffa97b382d9556b3375a9190df1c9a9a63cb90ebe3e7c4075ab52a"}
{"at":"2025-12-09T20:01:55.046Z","stationId":"69387f8557b3ca476897241d","I":0.309,"class":"Добре","hash":"b0d17024c1d55cd33239ef37e26e7dbaaf79907d032cfb44b6e1bfe0e89fb8ee"}
{"at":"2025-12-09T20:01:56.605Z","stationId":"69387f8557b3ca476897241d","I":0.271,"class":"Добре","hash":"bb154311429a040126417fcae76fa75603cf1444a83d057e435dde35d294e707"}
{"at":"2025-12-09T20:01:58.030Z","stationId":"69387f8557b3ca476897241d","I":0.253,"class":"Добре","hash":"79b6a9999cfa22afb4bd0925928d77c7bedfaf4f0c79ab331da45aebbbe60404"}
{"at":"2025-12-09T20:01:59.813Z","stationId":"69387f8557b3ca476897241d","I":0.25,"class":"Добре","hash":"90f430f5d3c275ddc4dae053df2493c085665c9b42e71fc4a9e2ec2542ade13e"}
{"at":"2025-12-09T20:02:01.263Z","stationId":"69387f8557b3ca476897241d","I":0.286,"class":"Добре","hash":"197582d3a3a3ba6ceebc0c75f92a9443b2136c1f2c60cfba5f9b0641af242bb5"}
{"at":"2025-12-09T20:02:03.798Z","stationId":"69387f8557b3ca476897241d","I":0.243,"class":"Добре","hash":"8b1602dfece0707da06efe373435296c8ebb970cd4a849e168476e841c1eef0c"}
{"at":"2025-12-09T20:02:05.644Z","stationId":"69387f8557b3ca476897241d","I":0.277,"class":"Добре","hash":"3d135b4ea0cee7f9663c2c35dd9ebec16decfa247cffd48f4a4a10399e63459a"}
{"at":"2025-12-09T20:02:06.974Z","stationId":"69387f8557b3ca476897241d","I":0.277,"class":"Добре","hash":"8b0c6e5262651e64d5f25dad4db6289c7bc6e79d32e7e560f6ea9248a200c224"}
{"at":"2025-12-09T20:02:08.295Z","stationId":"69387f8557b3ca476897241d","I":0.245,"class":"Добре","hash":"a9fdf1f8df79c98f81b319d9b85ec2036a75069bff64be3415225caa25dbc03e"}
{"at":"2025-12-09T20:02:09.684Z","stationId":"69387f8557b3ca476897241d","I":0.28,"class":"Добре","hash":"8a3bfe72feff45125b8a573f058fcf853b9baf098b1b5a4f3d23f8a58ffbcd55"}
{"at":"2025-12-09T20:02:22.471Z","stationId":"69387f8557b3ca4768972414","I":0.277,"class":"Добре","hash":"e8a2a01e5f16db5598f73fe30021185705d854bab5ed9d0dcdc3bc1c36749053"}
{"at":"2025-12-09T20:02:24.004Z","stationId":"69387f8557b3ca4768972414","I":0.29,"class":"Добре","hash":"61e028ae68909e9342537ed216725b6cc52a56ee0f8e1f0daa5497aa29588bdc"}
{"at":"2025-12-09T20:02:25.515Z","stationId":"69387f8557b3ca4768972414","I":0.278,"class":"Добре","hash":"c68ea7db4ec6aa02e8d8771e3d237e488b8b725aa247e60f1eb61ed298d92d93"}
{"at":"2025-12-09T20:02:26.951Z","stationId":"69387f8557b3ca4768972414","I":0.253,"class":"Добре","hash":"9048c698556db02026b4c325d421ecb7f87d0166aeba4d0e7dd2dd32b66a8bc7"}
{"at":"2025-12-09T20:02:28.479Z","stationId":"69387f8557b3ca4768972414","I":0.263,"class":"Добре","hash":"7a66870667ea1b6c35f7ce1e04eb44bb17ad69188dabe32145a8c2a89bdd127e"}
{"at":"2025-12-09T20:02:30.053Z","stationId":"69387f8557b3ca4768972414","I":0.264,"class":"Добре","hash":"e8e204020f04d5a5ca83012da427df710ebc535fcdb2fa1fccb8a3bca6119fac"}
{"at":"2025-12-09T20:02:31.406Z","stationId":"69387f8557b3ca4768972414","I":0.265,"class":"Добре","hash":"edd1cd798a5c0d45a42eb888741051f8f3af778834ee46332d5d0d12ca6a84ab"}
{"at":"2025-12-09T20:02:32.631Z","stationId":"69387f8557b3ca4768972414","I":0.261,"class":"Добре","hash":"b1a6e86fe58078e6b61152af8c5e51d0ce8ac5b45cffbc6d8ff9bf63ce0d690d"}
{"at":"2025-12-09T20:02:33.877Z","stationId":"69387f8557b3ca4768972414","I":0.263,"class":"Добре","hash":"1569893deea444cec9eb47a6083857d479504a0b815f17dbfb517b43b7705e1b"}
{"at":"2025-12-09T20:02:35.421Z","stationId":"69387f8557b3ca4768972414","I":0.264,"class":"Добре","hash":"d3a6e55c1bc139825ce3eaab3344f8e4a687411296ab46cd52d3778dfc0140af"}
{"at":"2025-12-09T20:02:50.730Z","stationId":"69387f8557b3ca476897241e","I":0.291,"class":"Добре","hash":"439d403c281e7e2762bd04af58c8bba69ce16d33e5d82005dbb4072ed868e9e1"}
{"at":"2025-12-09T20:02:52.254Z","stationId":"69387f8557b3ca476897241e","I":0.28,"class":"Добре","hash":"d955374e1294c08e66106ff61f8a2e0aca3fe3b1fc978af4018f4e7110e87bd2"}
{"at":"2025-12-09T20:02:53.653Z","stationId":"69387f8557b3ca476897241e","I":0.26,"class":"Добре","hash":"c692120b7273c45657d5719b12f959380597b1ea7ad4912bf26c74e2584457a2"}
{"at":"2025-12-09T20:02:54.922Z","stationId":"69387f8557b3ca476897241e","I":0.278,"class":"Добре","hash":"afe6f25be52fefcd5f430cc3404b1f6add8ec609a747d1d9e6c2244bc6ee9d6c"}
{"at":"2025-12-09T20:02:56.301Z","stationId":"69387f8557b3ca476897241e","I":0.286,"class":"Добре","hash":"a3254d64c688501bc8134f1e132a6412f9bfce712304dddee140cdf85d010dce"}
{"at":"2025-12-09T20:02:57.554Z","stationId":"69387f8557b3ca476897241e","I":0.257,"class":"Добре","hash":"20b518527ebdcefc9c8ff6d57b8123c8020f76214ccfc9e2c592f374bd35de55"}
{"at":"2025-12-09T20:02:58.870Z","stationId":"69387f8557b3ca476897241e","I":0.288,"class":"Добре","hash":"8a9a197aabed82e05b7a55aacf87da28fd590c0be70d294dbd887744656dbd05"}
{"at":"2025-12-09T20:03:00.375Z","stationId":"69387f8557b3ca476897241e","I":0.274,"class":"Добре","hash":"fc8d8ea830b9aa89817cf1047103dcf198f8f1b10b36b758f44e4f8e055ac386"}
{"at":"2025-12-09T20:03:01.680Z","stationId":"69387f8557b3ca476897241e","I":0.28,"class":"Добре","hash":"a929507f40d6c0f7403c1783961eb03ff4f4277a5ce44861a1860bc0b6c21804"}
{"at":"2025-12-09T20:03:02.921Z","stationId":"69387f8557b3ca476897241e","I":0.292,"class":"Добре","hash":"c741e0cbd03ca0154eb34b100b917652d253196d6ae1534069ac134d033a707a"}
{"at":"2025-12-09T20:03:14.777Z","stationId":"69387f8557b3ca476897241a","I":0.291,"class":"Добре","hash":"0c5d3d14ef7bc23067852ff3bb03979dd3b1a21c7bb078a6b5f3d3d32e514074"}
{"at":"2025-12-09T20:03:16.646Z","stationId":"69387f8557b3ca476897241a","I":0.309,"class":"Добре","hash":"1d3fdbb7d589502784c4491b871764b3cfdcade7808b0a6bc38b59f16666fbaf"}
{"at":"2025-12-09T20:03:18.102Z","stationId":"69387f8557b3ca476897241a","I":0.26,"class":"Добре","hash":"999bb5be344fe08a84ecd66c3f5ca05249482042375beb3f8916bf264b90906d"}
{"at":"2025-12-09T20:03:19.429Z","stationId":"69387f8557b3ca476897241a","I":0.263,"class":"Добре","hash":"84ec6970878f6d91b464a80bd0c8eabe0199e9c0b50325d9a8bc1e1c2f8c7bea"}
{"at":"2025-12-09T20:03:20.928Z","stationId":"69387f8557b3ca476897241a","I":0.268,"class":"Добре","hash":"96b6b2a4e045166a779abfb370196651d7c5310ef7187ce8de34c8f4418ceeb4"}
{"at":"2025-12-09T20:03:22.260Z","stationId":"69387f8557b3ca476897241a","I":0.281,"class":"Добре","hash":"825992a00b877012c366b53b990a37a0f58491db13aa3083be07b4adf77b52be"}
{"at":"2025-12-09T20:03:23.613Z","stationId":"69387f8557b3ca476897241a","I":0.302,"class":"Добре","hash":"2304dc5955149396e1a22850b167367e3d7ecc4db0c9dea41e71716acd3047fd"}
{"at":"2025-12-09T20:03:24.942Z","stationId":"69387f8557b3ca476897241a","I":0.268,"class":"Добре","hash":"908c012148fb7c701887e20e763877cc0d54a5d07b9d68e03e0ff8d815160bfc"}
{"at":"2025-12-09T20:03:26.284Z","stationId":"69387f8557b3ca476897241a","I":0.243,"class":"Добре","hash":"3724bcd50ff7a95c0755ce11bfbd06c068b2a953b002db79211fc953ae06d4ab"}
{"at":"2025-12-09T20:03:27.771Z","stationId":"69387f8557b3ca476897241a","I":0.293,"class":"Добре","hash":"d7e1ae336ebd7fc7a1a3f96bfa89f58f7ff5ae433e7c15d2d7f6cfc9b20c1291"}
{"at":"2025-12-09T20:03:44.454Z","stationId":"69387f8557b3ca4768972419","I":0.297,"class":"Добре","hash":"7fad73259387ac33d7c8de6bdf83e33c8124388028633ddeb4b30e9fde7b08b8"}
{"at":"2025-12-09T20:03:46.065Z","stationId":"69387f8557b3ca4768972419","I":0.27,"class":"Добре","hash":"911e52980a7253562812c1238385d19edf59e2103b7e15353613afdbbdd7c810"}
{"at":"2025-12-09T20:03:47.460Z","stationId":"69387f8557b3ca4768972419","I":0.263,"class":"Добре","hash":"ef905ec7869e532de943ed72082c65f0754b37eb9d67292343933ac19b44b3bd"}
{"at":"2025-12-09T20:03:49.039Z","stationId":"69387f8557b3ca4768972419","I":0.268,"class":"Добре","hash":"fe15a1278048351f5dfb8ea308dca7eeb7df0567504ebe33db2cd9406a976d54"}
{"at":"2025-12-09T20:03:50.280Z","stationId":"69387f8557b3ca4768972419","I":0.282,"class":"Добре","hash":"d7a6714c2ccb4095ac6e1204c4da92c8729ec4551b89e2118d9785eb76a116ba"}
{"at":"2025-12-09T20:03:51.998Z","stationId":"69387f8557b3ca4768972419","I":0.27,"class":"Добре","hash":"f3d8d4c7ea9edbfb07460dabcf482518c971d3e18e8e64ecb1f3a2da5021eee3"}
{"at":"2025-12-09T20:03:53.373Z","stationId":"69387f8557b3ca4768972419","I":0.312,"class":"Добре","hash":"f20e8455daee952dcb1c5f9831206dccd4e32c08c82a7b44e26d2c4fbf0228dd"}
{"at":"2025-12-09T20:03:54.635Z","stationId":"69387f8557b3ca4768972419","I":0.251,"class":"Добре","hash":"48e8376fad130170427fdcc985428d240cf6ebb49a91416125a12c899216ff6d"}
{"at":"2025-12-09T20:03:56.403Z","stationId":"69387f8557b3ca4768972419","I":0.282,"class":"Добре","hash":"8c51aeb3ec6fe94306e5fb135dd604c29f93c24709e3ab0b2aa5cfadd3b9fffb"}
{"at":"2025-12-09T20:03:57.701Z","stationId":"69387f8557b3ca4768972419","I":0.268,"class":"Добре","hash":"b28edeb0d41229ab60ca5f474ab723547c9d7fff7dce4e60887fb09ea1ea5540"}
{"at":"2025-12-09T20:04:08.358Z","stationId":"69387f8557b3ca4768972416","I":0.281,"class":"Добре","hash":"a33b49fd82ccb87185e3c54b785a3eeee40b7cd1f3cb269daf81093e73f6c475"}
{"at":"2025-12-09T20:04:09.660Z","stationId":"69387f8557b3ca4768972416","I":0.288,"class":"Добре","hash":"5867acbbef6a6a05d1273c8d0d3a11197c51284028cf0b56a981610d8a55d2bb"}
{"at":"2025-12-09T20:04:11.052Z","stationId":"69387f8557b3ca4768972416","I":0.271,"class":"Добре","hash":"30553073f8986d69b551d20d299f2f0e2f5ba2644c888944206556bdb1d36a17"}
{"at":"2025-12-09T20:04:12.548Z","stationId":"69387f8557b3ca4768972416","I":0.276,"class":"Добре","hash":"e55c615c5a8fb1ce53a489551f34c7f173dcc914aca31957e6a66242257be964"}
{"at":"2025-12-09T20:04:13.971Z","stationId":"69387f8557b3ca4768972416","I":0.32,"class":"Добре","hash":"1e8e0ab6993eb4389651f60a7edde92c1ef80afed8dfd49d03c5dcf2f82d4e54"}
{"at":"2025-12-09T20:04:15.238Z","stationId":"69387f8557b3ca4768972416","I":0.264,"class":"Добре","hash":"bea069ad6ef260633cfe8058558892b1607fa9125c4a8cfb758b4491203dfb6e"}
{"at":"2025-12-09T20:04:16.622Z","stationId":"69387f8557b3ca4768972416","I":0.256,"class":"Добре","hash":"ff5a5437ed65defde06a3f710d65ff04917402dd5e27a7a7fcef4ae0d95712d3"}
{"at":"2025-12-09T20:04:17.836Z","stationId":"69387f8557b3ca4768972416","I":0.277,"class":"Добре","hash":"f237cc25f68dc81b292e199b44c4a8f1b4a115a8208a3608dc9e0e594d52ce10"}
{"at":"2025-12-09T20:04:19.263Z","stationId":"69387f8557b3ca4768972416","I":0.28,"class":"Добре","hash":"bd696fb476955519196a11ece1af4013258d01f0c89edc7a190b607ab1e3db51"}
{"at":"2025-12-09T20:04:20.680Z","stationId":"69387f8557b3ca4768972416","I":0.265,"class":"Добре","hash":"b37ad475c889fba22b92e9a852d2bd6d386d3a7f2c12d498ee0e55e87e1ea073"}
{"at":"2025-12-09T20:04:31.181Z","stationId":"69387f8557b3ca4768972418","I":0.272,"class":"Добре","hash":"43a0d01cb663ccd8466e4525fb133f04f9595d297aeabd87ad4f3780e6138bd5"}
{"at":"2025-12-09T20:04:33.071Z","stationId":"69387f8557b3ca4768972418","I":0.276,"class":"Добре","hash":"28e9d3fb392795191e7d8fe62fa2f471362efc3cf2f079054fb33b145a15796b"}
{"at":"2025-12-09T20:04:34.448Z","stationId":"69387f8557b3ca4768972418","I":0.264,"class":"Добре","hash":"ff245a6174572d4ce8a96bb074dab5d7de8f1af54b30831393e48717040d3863"}
{"at":"2025-12-09T20:04:35.943Z","stationId":"69387f8557b3ca4768972418","I":0.314,"class":"Добре","hash":"130792d045cbf0b805505c35ad6fbc8f453d3aec7b579fe558710e95b9ca37d3"}
{"at":"2025-12-09T20:04:37.173Z","stationId":"69387f8557b3ca4768972418","I":0.302,"class":"Добре","hash":"c4777f56f5dba7df475ff26a048a0fad1eb5006ab4cb8cdf4cede082f4ee6c78"}
{"at":"2025-12-09T20:04:38.415Z","stationId":"69387f8557b3ca4768972418","I":0.264,"class":"Добре","hash":"a18a404ec2b3c688991a474bd4b3b9848cc566175f417bd44e1e5e8d2562f91b"}
{"at":"2025-12-09T20:04:39.794Z","stationId":"69387f8557b3ca4768972418","I":0.265,"class":"Добре","hash":"2b9fc2594878bbd1a1ee123da352602a0a8206ce7cee8df5379bc6713d00b640"}
{"at":"2025-12-09T20:04:41.085Z","stationId":"69387f8557b3ca4768972418","I":0.278,"class":"Добре","hash":"60216dc0daedf2205254cd3f2ef6d0a293fb46008523d6a865edd4b7c729f506"}
{"at":"2025-12-09T20:04:42.715Z","stationId":"69387f8557b3ca4768972418","I":0.286,"class":"Добре","hash":"724e8fe84aa8ed2bf181fa06efcca04d78a178964f484f159e93b634858a7664"}
{"at":"2025-12-09T20:04:44.218Z","stationId":"69387f8557b3ca4768972418","I":0.276,"class":"Добре","hash":"5050af1a2b24a1ed9386311bfbd8b38b1187432627cb94dcbfd5826ef125a8f2"}
{"at":"2025-12-09T20:04:53.670Z","stationId":"69387f8557b3ca4768972412","I":0.262,"class":"Добре","hash":"22c92ad815fe1849f77f002d7336feee2d9845a9c890d44c8fea7963f96c0d68"}
{"at":"2025-12-09T20:04:55.137Z","stationId":"69387f8557b3ca4768972412","I":0.277,"class":"Добре","hash":"69e2e07809beed85f3cc1fe742087c8c67add6b2a45835796c22d141714e6ed9"}
{"at":"2025-12-09T20:04:57.307Z","stationId":"69387f8557b3ca4768972412","I":0.281,"class":"Добре","hash":"9690893b7852e330c2bc7b2c95bf91b5641e1efc28f5c53d31ce64c2af156a78"}
{"at":"2025-12-09T20:04:58.787Z","stationId":"69387f8557b3ca4768972412","I":0.286,"class":"Добре","hash":"f5333813cd4fbe7b256a892d49c369423717cecb8d2d72e7656c378c87e504db"}
{"at":"2025-12-09T20:05:00.104Z","stationId":"69387f8557b3ca4768972412","I":0.265,"class":"Добре","hash":"5b9f6086e5871b8c78320f5fb7dbe3ca272be633f1aa48f713f355a00eb9d545"}
{"at":"2025-12-09T20:05:01.442Z","stationId":"69387f8557b3ca4768972412","I":0.296,"class":"Добре","hash":"7ec69297e36029d17b8bc0bc109e16048887825af70fc74229e11bcc8ff302a7"}
{"at":"2025-12-09T20:05:02.901Z","stationId":"69387f8557b3ca4768972412","I":0.275,"class":"Добре","hash":"c99f0e67779f9d3aab676895ab43fa2ccf81c2b0236854d7fca5695afb0c1580"}
{"at":"2025-12-09T20:05:04.299Z","stationId":"69387f8557b3ca4768972412","I":0.24,"class":"Добре","hash":"33dfc1b9c4b9e53aa0366fb228e5704b5e8740561241694e1b150c68eeef404a"}
{"at":"2025-12-09T20:05:05.562Z","stationId":"69387f8557b3ca4768972412","I":0.288,"class":"Добре","hash":"e58fc467e32c4691ef2dfea441ecc1c222305cc258f2f37b7832098f2bc658f2"}
{"at":"2025-12-09T20:05:07.740Z","stationId":"69387f8557b3ca4768972412","I":0.294,"class":"Добре","hash":"518e8d84117ef5b159264b89c9bef8885fcca84ba73aeb720f6c29a319126a85"}
{"at":"2025-12-09T20:05:28.884Z","stationId":"69387f8557b3ca4768972417","I":0.271,"class":"Добре","hash":"aeb350a9c87bb0e3b547f9ab36d30a8ed909994d3ed899faeb533a9badd96628"}
{"at":"2025-12-09T20:05:30.504Z","stationId":"69387f8557b3ca4768972417","I":0.248,"class":"Добре","hash":"680807039be37d3c8f5982a077d51a6b12c9cc42520cf0c15038e1851b4b5d2f"}
{"at":"2025-12-09T20:05:32.309Z","stationId":"69387f8557b3ca4768972417","I":0.293,"class":"Добре","hash":"63e2f5630be40e45d0b9fdb79b74fc96e25bc9f0748fa8df4e46eef7215f59b8"}
{"at":"2025-12-09T20:05:34.220Z","stationId":"69387f8557b3ca4768972417","I":0.292,"class":"Добре","hash":"658b35be854e6c4684ba7873c7b59513335d6a8b20b49626ffcfce0a26c07b1c"}
{"at":"2025-12-09T20:05:35.478Z","stationId":"69387f8557b3ca4768972417","I":0.28,"class":"Добре","hash":"5c419e1311c6442153185ea2b3e77b7328364488f7d27022186a83165c63d79d"}
{"at":"2025-12-09T20:05:36.985Z","stationId":"69387f8557b3ca4768972417","I":0.287,"class":"Добре","hash":"d59be7e11c27226bf693659ec258fc37a5265ccd2fdd3ff7da29eb1df1dacb98"}
{"at":"2025-12-09T20:05:38.480Z","stationId":"69387f8557b3ca4768972417","I":0.275,"class":"Добре","hash":"339145b883895e8aa3b36652e6082150133e14da67c110e4bd1aff705a38748c"}
{"at":"2025-12-09T20:05:39.754Z","stationId":"69387f8557b3ca4768972417","I":0.273,"class":"Добре","hash":"4993bddf2e2471d89c0c80b2cf09515289af6bc10082979b2198e9ae670b1d7e"}
{"at":"2025-12-09T20:05:40.995Z","stationId":"69387f8557b3ca4768972417","I":0.304,"class":"Добре","hash":"f55ccad7ca00d2d2bc3e205f3d3773633bac785bc0b1bf85d5432e08de91edd3"}
{"at":"2025-12-09T20:05:42.249Z","stationId":"69387f8557b3ca4768972417","I":0.303,"class":"Добре","hash":"d77ed72c23ade758a4bda65eb2cb7c1aeddd4dcfbf9244864ce9c2091aebb81a"}
{"at":"2025-12-09T20:06:04.913Z","stationId":"69387f8557b3ca476897241c","I":0.269,"class":"Добре","hash":"bae989efe901f9c0ffa993b90330c02c463c93393c0a0abe5044c22537fab252"}
{"at":"2025-12-09T20:06:06.695Z","stationId":"69387f8557b3ca476897241c","I":0.253,"class":"Добре","hash":"2758e09682964f82bb7f87f34d4dc9a480818e90e07cd31dfb9693890c9fa337"}
{"at":"2025-12-09T20:06:08.206Z","stationId":"69387f8557b3ca476897241c","I":0.266,"class":"Добре","hash":"5232f47aa3a0fc20ddb139b07919d5b7e0c8bb3b456cfdb3f850f56a2bc97f6c"}
{"at":"2025-12-09T20:06:09.501Z","stationId":"69387f8557b3ca476897241c","I":0.287,"class":"Добре","hash":"5a62dc8f37b91590af6a7f365802544d697d224a19f2d865f848f6dd6c922d84"}
{"at":"2025-12-09T20:06:10.722Z","stationId":"69387f8557b3ca476897241c","I":0.28,"class":"Добре","hash":"2f172ee189aa8953a064641fbb8931cc9be76050c5f62c6c7c39cbad5c50146c"}
{"at":"2025-12-09T20:06:11.927Z","stationId":"69387f8557b3ca476897241c","I":0.263,"class":"Добре","hash":"b57e14ccb2ed2cf1c3319a093096705c810e8bccc341e3be0f7b0beaf23e8132"}
{"at":"2025-12-09T20:06:13.079Z","stationId":"69387f8557b3ca476897241c","I":0.292,"class":"Добре","hash":"6a790c7476aa86d0821047e3506ccc3f191aa187e3c5c69d76ae5cb98ca5bbeb"}
{"at":"2025-12-09T20:06:14.576Z","stationId":"69387f8557b3ca476897241c","I":0.265,"class":"Добре","hash":"28a958b483da344cdb366c7965ef4b3e38cde8f97fef038c6ea532466999f315"}
{"at":"2025-12-09T20:06:15.784Z","stationId":"69387f8557b3ca476897241c","I":0.268,"class":"Добре","hash":"7761e17d6dc0a353d438ef20c8d799bfeb9745dbad00bc2e141d630a598b62d1"}
{"at":"2025-12-09T20:06:17.152Z","stationId":"69387f8557b3ca476897241c","I":0.242,"class":"Добре","hash":"c6a8aae6cf417b9f809a10e870d32c82f7ce4801eab78155ae7830184b2f9cad"}
{"at":"2025-12-09T20:06:41.923Z","stationId":"69387f8557b3ca4768972413","I":1.913,"class":"Шкідливо","hash":"b38b56daa060a543552b421cf822e451dd164b2bfa732f5a13df269dc6d89d70"}
{"at":"2025-12-09T20:06:48.699Z","stationId":"69387f8557b3ca4768972413","I":0.257,"class":"Добре","hash":"5265fd5a991660972aea4dfaf211e232591fdfd26bbd47a4c461443d86063b30"}
{"at":"2025-12-09T20:06:50.612Z","stationId":"69387f8557b3ca4768972413","I":0.262,"class":"Добре","hash":"787ff7cf310f54cbecf7add0e0c6a84546e4c9d8a089d6f7f0b4b8d8b086ee5b"}
{"at":"2025-12-09T20:06:52.121Z","stationId":"69387f8557b3ca4768972413","I":0.265,"class":"Добре","hash":"4c9e32c84ceb3734b60792441eacb173cb5943fda919341884bef18388d3e206"}
{"at":"2025-12-09T20:06:53.530Z","stationId":"69387f8557b3ca4768972413","I":0.264,"class":"Добре","hash":"f82a97c34bbff6267106d4e1220e35aa5e6b3ccbd50f2eff094f2a6eeb5519c2"}
{"at":"2025-12-09T20:06:54.795Z","stationId":"69387f8557b3ca4768972413","I":0.274,"class":"Добре","hash":"e80235a0e6a6f5646aa00b2d4fbfde7c6645d4bba51bf919db31047bc604d112"}
{"at":"2025-12-09T20:06:56.034Z","stationId":"69387f8557b3ca4768972413","I":0.263,"class":"Добре","hash":"f70c0136352c2f04405361c2afcdd7f1457289b66005f9037210b6046d92c803"}
{"at":"2025-12-09T20:06:57.619Z","stationId":"69387f8557b3ca4768972413","I":0.28,"class":"Добре","hash":"2a28ba3ef65719fe9ad9ebc0a13f79b252c0aaa718bc6ace9821f7132de45f28"}
{"at":"2025-12-09T20:06:58.923Z","stationId":"69387f8557b3ca4768972413","I":0.29,"class":"Добре","hash":"27b7fa08684827b8a756cd776381024c30f10afc07315823ae5be2a91ba2b162"}
{"at":"2025-12-09T20:07:10.990Z","stationId":"69387f8557b3ca4768972420","I":0.277,"class":"Добре","hash":"329e4df9538e6ef66173661cd1dea398f03494a8f8e86aa972170c0b6e57a946"}
{"at":"2025-12-09T20:07:12.526Z","stationId":"69387f8557b3ca4768972420","I":0.256,"class":"Добре","hash":"8b12d063931791e68be2cf8fbd4ac6f979713944da22418f9015d2ee3fe7a3a9"}
{"at":"2025-12-09T20:07:13.811Z","stationId":"69387f8557b3ca4768972420","I":0.267,"class":"Добре","hash":"d30ee72c97bfb309619187df237d810467f919570ab799e95c2ef60dfc70fd70"}
{"at":"2025-12-09T20:07:15.101Z","stationId":"69387f8557b3ca4768972420","I":0.286,"class":"Добре","hash":"270802ce941287b20b810a4dff2745e450ac36c5f130cc3ebd5272116eb2df41"}
{"at":"2025-12-09T20:07:16.240Z","stationId":"69387f8557b3ca4768972420","I":0.264,"class":"Добре","hash":"237fb00f70c9f5bfd9c231cb429688b4bdc9e8f5afab91c8289ce4525ec7d891"}
{"at":"2025-12-09T20:07:17.360Z","stationId":"69387f8557b3ca4768972420","I":0.273,"class":"Добре","hash":"dbaa72051c54ab795a2e684a7b7d45a22dda198c5855eeeb7601d483fcb64fe5"}
{"at":"2025-12-09T20:07:18.511Z","stationId":"69387f8557b3ca4768972420","I":0.27,"class":"Добре","hash":"b6651c1a88b732f314ee561ce371bb06fc1676502061d54c000318fdfef8f296"}
{"at":"2025-12-09T20:07:19.620Z","stationId":"69387f8557b3ca4768972420","I":0.288,"class":"Добре","hash":"8bb424c8a89759fbb4c5d790ef80c0a4a6310a1e65e822cabc4932e3ea070836"}
{"at":"2025-12-09T20:07:21.318Z","stationId":"69387f8557b3ca4768972420","I":0.285,"class":"Добре","hash":"6e1eaf987696d4ba790deb3352c6429a3c8313212b25133148678d7510829506"}
{"at":"2025-12-09T20:07:22.777Z","stationId":"69387f8557b3ca4768972420","I":0.281,"class":"Добре","hash":"dc9632236a7825a48cc22e8787eb551a124c8d95656f2c54f2453c56df42eb95"}
{"at":"2025-12-09T20:07:40.659Z","stationId":"69387f8557b3ca476897241b","I":0.271,"class":"Добре","hash":"39c6a1e0feb4eaec7637c2222bbd45d66c993de556213344a1be7217f9560762"}
{"at":"2025-12-09T20:07:42.077Z","stationId":"69387f8557b3ca476897241b","I":0.305,"class":"Добре","hash":"47c0a1e9653ded26a4d6ad2edad91eaa7d3ed30b3cf54e7ef8d2612ae0a8859c"}
{"at":"2025-12-09T20:07:43.279Z","stationId":"69387f8557b3ca476897241b","I":0.258,"class":"Добре","hash":"8f8543deba2e623de05f9b49f61bf03388bb0a5f1b269567d81f77aaf3f1b603"}
{"at":"2025-12-09T20:07:44.475Z","stationId":"69387f8557b3ca476897241b","I":0.271,"class":"Добре","hash":"34445e27ff7a9ca59ffb289a266094b3ca398eb36ef18b2b84b4585dac6e8e57"}
{"at":"2025-12-09T20:07:46.357Z","stationId":"69387f8557b3ca476897241b","I":0.281,"class":"Добре","hash":"e7ecc748573a76d2818a61c5dcdefa0b7b8741af1c9bf8957e9acd70cbec4a81"}
{"at":"2025-12-09T20:07:47.480Z","stationId":"69387f8557b3ca476897241b","I":0.254,"class":"Добре","hash":"8004535668a1cd1f5a206f89cbd3d72826326662c9f4f15c3e2315b53e959c12"}
{"at":"2025-12-09T20:07:48.879Z","stationId":"69387f8557b3ca476897241b","I":0.273,"class":"Добре","hash":"b1a9b650a161f340f89fc7c9ba570dae8f23d082ccf923e04e9b393c3b2bc19a"}
{"at":"2025-12-09T20:07:51.139Z","stationId":"69387f8557b3ca476897241b","I":0.263,"class":"Добре","hash":"e01559e2fa53fcd98ffe13d71ffea2df2d97771440dfae08506811aa6fe090a0"}
{"at":"2025-12-09T20:07:52.718Z","stationId":"69387f8557b3ca476897241b","I":0.283,"class":"Добре","hash":"406ff8d05da8f24db45bd32d1136ae57ab06808b980243fc33f6c125d1d0df3e"}
{"at":"2025-12-09T20:07:53.921Z","stationId":"69387f8557b3ca476897241b","I":0.267,"class":"Добре","hash":"4c87cccd3c4293542462c984ac2a0586aebfff1f8bb52c41cd44b2835d577627"}
{"at":"2025-12-09T20:08:02.479Z","stationId":"69387f8557b3ca4768972415","I":0.28,"class":"Добре","hash":"93ab01b44f61aecdb888c153e37aaabe88bd76fd5ea9ca4c49c801ac0533e89c"}
{"at":"2025-12-09T20:08:04.079Z","stationId":"69387f8557b3ca4768972415","I":0.253,"class":"Добре","hash":"9e90f5b1f965b9dd01dfd20bba58e0b92bc6c17734941ab45e609ddd8204c316"}
{"at":"2025-12-09T20:08:05.428Z","stationId":"69387f8557b3ca4768972415","I":0.296,"class":"Добре","hash":"7a12658eb63ec72a01caf2390fb8c295caa22075941018b1633d49180c20422c"}
{"at":"2025-12-09T20:08:07.030Z","stationId":"69387f8557b3ca4768972415","I":0.277,"class":"Добре","hash":"7e818293fdd7f16f78aed767428fcabda9d299a6166b2f96ff9d7f4725058013"}
{"at":"2025-12-09T20:08:08.336Z","stationId":"69387f8557b3ca4768972415","I":0.272,"class":"Добре","hash":"702b866beae191e612fc5394bd5f20f7ebe32453f7ae0ff528131a3706b555e8"}
{"at":"2025-12-09T20:08:09.548Z","stationId":"69387f8557b3ca4768972415","I":0.261,"class":"Добре","hash":"9d824a0512a9340cd8e0ca34a0e56f223b66c511fb01373bfaf22a0f7430f9a4"}
{"at":"2025-12-09T20:08:10.830Z","stationId":"69387f8557b3ca4768972415","I":0.256,"class":"Добре","hash":"a47192817bcae52e364828b6b747c4299245bf15fb43d4aa3f9f4cb609566718"}
{"at":"2025-12-09T20:08:12.117Z","stationId":"69387f8557b3ca4768972415","I":0.247,"class":"Добре","hash":"b75695dfc4eb284fedfc13eabd597234e8241b5f70c86dec3b4fcd0c904d9c8f"}
{"at":"2025-12-09T20:08:13.349Z","stationId":"69387f8557b3ca4768972415","I":0.277,"class":"Добре","hash":"7ca9515146118bfcf952ed1166d9f32df03f67c2543e0babce527fdc0b25cb49"}
{"at":"2025-12-09T20:08:14.760Z","stationId":"69387f8557b3ca4768972415","I":0.253,"class":"Добре","hash":"fae00f7b0b195ccda6ec48e60ca567861212397b06c822b2edbe6ff4097b2b90"}
{"at":"2025-12-09T20:08:16.382Z","stationId":"69387f8557b3ca4768972415","I":0.268,"class":"Добре","hash":"affb5349d150830c8ce12ad207bda84764ca3ca22e6c1322cb8ede1a3f00ee10"}
{"at":"2025-12-09T20:09:15.080Z","stationId":"69387f8557b3ca476897241f","I":0.286,"class":"Добре","hash":"15c014f0873bb4bbced69c6ad007093a3b4ac8ad76390ca46ef39492e69e199f"}
